<?xml version="1.0" encoding="UTF-8"?>
<!-- Generated by org.testng.reporters.JUnitReportReporter -->
<testsuite skipped="0" hostname="DESKTOP-A12MJES" name="sitsmavenint.testcase2" tests="1" failures="0" timestamp="30 Mar 2019 19:19:23 GMT" time="6.971" errors="0">
  <testcase name="tc2" time="6.971" classname="sitsmavenint.testcase2"/>
</testsuite> <!-- sitsmavenint.testcase2 -->
