<?xml version="1.0" encoding="UTF-8"?>
<!-- Generated by org.testng.reporters.JUnitReportReporter -->
<testsuite skipped="0" hostname="DESKTOP-A12MJES" name="sitsmavenint.testcase1" tests="1" failures="0" timestamp="30 Mar 2019 19:19:23 GMT" time="6.368" errors="0">
  <testcase name="tc1" time="6.368" classname="sitsmavenint.testcase1"/>
</testsuite> <!-- sitsmavenint.testcase1 -->
